2026-01-25 18:30:13,461 - backend.domains.services.tokens_service - INFO - [KIWOOM] 토큰 조회 완료
2026-01-25 18:30:13,470 - backend.domains.base.base_token_manager - INFO - [kiwoom] 토큰 로드 완료: LF-U1ijYTS...
2026-01-25 18:30:13,476 - __main__ - INFO - [Kiwoom] API 요청: api_id=kt00004
2026-01-25 18:30:13,478 - backend.domains.stkcompanys.kiwoom.kiwoom_rest_api - INFO - 계좌평가현황요청 요청 전송 - URL: https://api.kiwoom.com/api/dostk/acnt
2026-01-25 18:30:13,479 - backend.domains.stkcompanys.kiwoom.kiwoom_rest_api - DEBUG - 요청 데이터: {'qry_tp': '0', 'dmst_stex_tp': 'KRX'}
2026-01-25 18:30:13,544 - backend.domains.stkcompanys.kiwoom.kiwoom_rest_api - INFO - API 요청 성공 - 상태코드: 200
2026-01-25 18:30:13,546 - backend.domains.stkcompanys.kiwoom.kiwoom_rest_api - DEBUG - 응답 헤더: {'next-key': '', 'cont-yn': 'N', 'api-id': 'kt00004', 'resp-cnt': '3'}
2026-01-25 18:30:13,548 - backend.domains.stkcompanys.kiwoom.kiwoom_rest_api - DEBUG - 응답 데이터: {'acnt_nm': '김도영', 'brch_nm': '신한은행', 'entr': '000000000071', 'd2_entra': '000000000071', 'tot_est_amt': '000000334182', 'aset_evlt_amt': '000000334971', 'tot_pur_amt': '000000195450', 'prsm_dpst_aset_amt': '000000334263', 'tot_grnt_sella': '000000000000', 'tdy_lspft_amt': '000000000000', 'invt_bsamt': '000000000000', 'lspft_amt': '000000000000', 'tdy_lspft': '000000000000', 'lspft2': '000000000000', 'lspft': '000000000000', 'tdy_lspft_rt': '0.00', 'lspft_ratio': '0.00', 'lspft_rt': '0.00', 'stk_acnt_evlt_prst': [{'stk_cd': 'A000720', 'stk_nm': '현대건설', 'rmnd_qty': '000000000001', 'avg_prc': '000000059400', 'cur_prc': '000000109200', 'evlt_amt': '000000108973', 'pl_amt': '000000049573', 'pl_rt': '83.4562', 'loan_dt': '', 'pur_amt': '000000059400', 'setl_remn': '000000000001', 'pred_buyq': '000000000000', 'pred_sellq': '000000000000', 'tdy_buyq': '000000000000', 'tdy_sellq': '000000000000'}, {'stk_cd': 'A005930', 'stk_nm': '삼성전자', 'rmnd_qty': '000000000001', 'avg_prc': '000000070150', 'cur_prc': '000000152100', 'evlt_amt': '000000151766', 'pl_amt': '000000081616', 'pl_rt': '116.3450', 'loan_dt': '', 'pur_amt': '000000070150', 'setl_remn': '000000000001', 'pred_buyq': '000000000000', 'pred_sellq': '000000000000', 'tdy_buyq': '000000000000', 'tdy_sellq': '000000000000'}, {'stk_cd': 'A455900', 'stk_nm': '엔젤로보틱스', 'rmnd_qty': '000000000002', 'avg_prc': '000000032950', 'cur_prc': '000000036800', 'evlt_amt': '000000073443', 'pl_amt': '000000007543', 'pl_rt': '11.4461', 'loan_dt': '', 'pur_amt': '000000065900', 'setl_remn': '000000000002', 'pred_buyq': '000000000000', 'pred_sellq': '000000000000', 'tdy_buyq': '000000000000', 'tdy_sellq': '000000000000'}], 'return_code': 0, 'return_msg': '조회가 완료되었습니다.'}
2026-01-25 18:30:13,550 - __main__ - INFO - Kiwoom 응답 수신
2026-01-25 18:30:13,552 - __main__ - INFO - ---------------------------------
2026-01-25 18:30:13,553 - __main__ - INFO - Kiwoom 응답 데이터: {
  "data": {
    "계좌명": "김도영",
    "지점명": "신한은행",
    "예수금": "000000000071",
    "D+2추정예수금": "000000000071",
    "유가잔고평가액": "000000334182",
    "예탁자산평가액": "000000334971",
    "총매입금액": "000000195450",
    "추정예탁자산": "000000334263",
    "매도담보대출금": "000000000000",
    "당일투자원금": "000000000000",
    "당월투자원금": "000000000000",
    "누적투자원금": "000000000000",
    "당일투자손익": "000000000000",
    "당월투자손익": "000000000000",
    "누적투자손익": "000000000000",
    "당일손익율": "0.00",
    "당월손익율": "0.00",
    "누적손익율": "0.00",
    "종목별계좌평가현황": [
      {
        "종목코드": "A000720",
        "종목명": "현대건설",
        "보유수량": "000000000001",
        "평균단가": "000000059400",
        "현재가": "000000109200",
        "평가금액": "000000108973",
        "손익금액": "000000049573",
        "손익율": "83.4562",
        "대출일": "",
        "매입금액": "000000059400",
        "결제잔고": "000000000001",
        "전일매수수량": "000000000000",
        "전일매도수량": "000000000000",
        "금일매수수량": "000000000000",
        "금일매도수량": "000000000000"
      },
      {
        "종목코드": "A005930",
        "종목명": "삼성전자",
        "보유수량": "000000000001",
        "평균단가": "000000070150",
        "현재가": "000000152100",
        "평가금액": "000000151766",
        "손익금액": "000000081616",
        "손익율": "116.3450",
        "대출일": "",
        "매입금액": "000000070150",
        "결제잔고": "000000000001",
        "전일매수수량": "000000000000",
        "전일매도수량": "000000000000",
        "금일매수수량": "000000000000",
        "금일매도수량": "000000000000"
      },
      {
        "종목코드": "A455900",
        "종목명": "엔젤로보틱스",
        "보유수량": "000000000002",
        "평균단가": "000000032950",
        "현재가": "000000036800",
        "평가금액": "000000073443",
        "손익금액": "000000007543",
        "손익율": "11.4461",
        "대출일": "",
        "매입금액": "000000065900",
        "결제잔고": "000000000002",
        "전일매수수량": "000000000000",
        "전일매도수량": "000000000000",
        "금일매수수량": "000000000000",
        "금일매도수량": "000000000000"
      }
    ],
    "return_code": 0,
    "return_msg": "조회가 완료되었습니다."
  },
  "headers": {
    "next-key": "",
    "cont-yn": "N",
    "api-id": "kt00004",
    "resp-cnt": "3"
  },
  "api_info": {
    "api_id": "kt00004",
    "title": "계좌평가현황요청",
    "url": "https://api.kiwoom.com/api/dostk/acnt",
    "method": "POST",
    "description": ""
  },
  "status_code": 200,
  "cont_yn": "N",
  "next_key": "",
  "request_time": "2026-01-25T18:30:13.478073",
  "response_time": "2026-01-25T18:30:13.549566",
  "error_code": null,
  "error_message": null,
  "success": true
}
2026-01-25 18:30:13,554 - __main__ - INFO - ---------------------------------
2026-01-25 18:30:13,555 - __main__ - INFO - Kiwoom 계좌 요약: AccountSummary(broker=Kiwoom, name=키움증권, balance=334182, pl=138732, holdings=3)
2026-01-25 18:30:13,558 - backend.domains.services.tokens_service - INFO - [KIS] 토큰 조회 완료
2026-01-25 18:30:13,559 - backend.domains.base.base_token_manager - INFO - [kis] 토큰 로드 완료: eyJ0eXAiOi...
2026-01-25 18:30:13,562 - __main__ - INFO - [KIS] API 요청: api_id=CTRP6548R
2026-01-25 18:30:13,563 - backend.domains.stkcompanys.kis.kis_rest_api - INFO - [KIS] 투자계좌자산현황조회 요청 - URL: https://openapi.koreainvestment.com:9443/uapi/domestic-stock/v1/trading/inquire-account-balance, TR_ID: CTRP6548R
2026-01-25 18:30:13,663 - __main__ - INFO - KIS 응답 수신
2026-01-25 18:30:13,664 - __main__ - INFO - --- KIS Account Summary Response Data ---
2026-01-25 18:30:13,666 - __main__ - INFO - [KIS] Response data: {
  "output1": [
    {
      "매입금액": "58182270",
      "평가금액": "67824780",
      "평가손익금액": "9642510",
      "신용대출금액": "0",
      "실제순자산금액": "67824780",
      "전체비중율": "96.26000000"
    },
    {
      "매입금액": "0",
      "평가금액": "0",
      "평가손익금액": "0",
      "신용대출금액": "0",
      "실제순자산금액": "0",
      "전체비중율": "0.00000000"
    },
    {
      "매입금액": "0",
      "평가금액": "0",
      "평가손익금액": "0",
      "신용대출금액": "0",
      "실제순자산금액": "0",
      "전체비중율": "0.00000000"
    },
    {
      "매입금액": "0",
      "평가금액": "0",
      "평가손익금액": "0",
      "신용대출금액": "0",
      "실제순자산금액": "0",
      "전체비중율": "0.00000000"
    },
    {
      "매입금액": "0",
      "평가금액": "0",
      "평가손익금액": "0",
      "신용대출금액": "0",
      "실제순자산금액": "0",
      "전체비중율": "0.00000000"
    },
    {
      "매입금액": "0",
      "평가금액": "0",
      "평가손익금액": "0",
      "신용대출금액": "0",
      "실제순자산금액": "0",
      "전체비중율": "0.00000000"
    },
    {
      "매입금액": "0",
      "평가금액": "0",
      "평가손익금액": "0",
      "신용대출금액": "0",
      "실제순자산금액": "0",
      "전체비중율": "0.00000000"
    },
    {
      "매입금액": "0",
      "평가금액": "0",
      "평가손익금액": "0",
      "신용대출금액": "0",
      "실제순자산금액": "0",
      "전체비중율": "0.00000000"
    },
    {
      "매입금액": "0",
      "평가금액": "0",
      "평가손익금액": "0",
      "신용대출금액": "0",
      "실제순자산금액": "0",
      "전체비중율": "0.00000000"
    },
    {
      "매입금액": "0",
      "평가금액": "0",
      "평가손익금액": "0",
      "신용대출금액": "0",
      "실제순자산금액": "0",
      "전체비중율": "0.00000000"
    },
    {
      "매입금액": "0",
      "평가금액": "0",
      "평가손익금액": "0",
      "신용대출금액": "0",
      "실제순자산금액": "0",
      "전체비중율": "0.00000000"
    },
    {
      "매입금액": "0",
      "평가금액": "0",
      "평가손익금액": "0",
      "신용대출금액": "0",
      "실제순자산금액": "0",
      "전체비중율": "0.00000000"
    },
    {
      "매입금액": "0",
      "평가금액": "0",
      "평가손익금액": "0",
      "신용대출금액": "0",
      "실제순자산금액": "0",
      "전체비중율": "0.00000000"
    },
    {
      "매입금액": "0",
      "평가금액": "0",
      "평가손익금액": "0",
      "신용대출금액": "0",
      "실제순자산금액": "0",
      "전체비중율": "0.00000000"
    },
    {
      "매입금액": "0",
      "평가금액": "0",
      "평가손익금액": "0",
      "신용대출금액": "0",
      "실제순자산금액": "0",
      "전체비중율": "0.00000000"
    },
    {
      "매입금액": "0",
      "평가금액": "0",
      "평가손익금액": "0",
      "신용대출금액": "0",
      "실제순자산금액": "0",
      "전체비중율": "0.00000000"
    },
    {
      "매입금액": "0",
      "평가금액": "0",
      "평가손익금액": "0",
      "신용대출금액": "0",
      "실제순자산금액": "0",
      "전체비중율": "0.00000000"
    },
    {
      "매입금액": "0",
      "평가금액": "2638060",
      "평가손익금액": "0",
      "신용대출금액": "0",
      "실제순자산금액": "2638060",
      "전체비중율": "3.74000000"
    },
    {
      "매입금액": "0",
      "평가금액": "0",
      "평가손익금액": "0",
      "신용대출금액": "0",
      "실제순자산금액": "0",
      "전체비중율": "0.00000000"
    },
    {
      "매입금액": "58182270",
      "평가금액": "70462840",
      "평가손익금액": "9642510",
      "신용대출금액": "0",
      "실제순자산금액": "70462840",
      "전체비중율": "100.00000000"
    }
  ],
  "output2": {
    "매입금액합계": "58182270",
    "순자산총금액": "67824780",
    "대출금액합계": "0",
    "평가손익금액합계": "9642510",
    "평가금액합계": "67824780",
    "총자산금액": "70462840",
    "총대출금액총융자대출금액": "0",
    "CMA자동대출금액": "0",
    "총담보대출금액": "0",
    "대주평가금액": "0",
    "신용융자금액": "0",
    "OCL_APL대출금액": "0",
    "질권설정금액": "0",
    "외화평가총액": "0",
    "총예수금액": "2638060",
    "CMA평가금액": "0",
    "예수금액": "2638060",
    "총대용금액": "0",
    "당일미수금액": "0",
    "해외주식평가금액1": "0.000000",
    "해외채권평가금액": "0.000000",
    "MMFCMA담보대출금액": "0",
    "청약예수금액": "0",
    "공모주청약자금대출사용금액": "0",
    "기업신용공여대출금액": "0"
  },
  "성공실패여부": "0",
  "응답코드": "KIOK0530",
  "응답메세지": "조회되었습니다                                                                  "
}
2026-01-25 18:30:13,667 - __main__ - INFO - ----------------------------------------
2026-01-25 18:30:13,668 - backend.domains.stkcompanys.kis.kis_rest_api - INFO - [KIS] 주식잔고조회 요청 - URL: https://openapi.koreainvestment.com:9443/uapi/domestic-stock/v1/trading/inquire-balance, TR_ID: TTTC8434R
2026-01-25 18:30:13,769 - __main__ - INFO - KIS 계좌 요약: AccountSummary(broker=KIS, name=한국투자증권, balance=67824780, pl=9642510, holdings=17)
2026-01-25 18:30:13,772 - backend.domains.services.tokens_service - INFO - [LS] 토큰 조회 완료
2026-01-25 18:30:13,773 - backend.domains.base.base_token_manager - INFO - [ls] 토큰 로드 완료: eyJ0eXAiOi...
2026-01-25 18:30:13,774 - __main__ - INFO - [LS] API 요청: api_id=t0424
2026-01-25 18:30:13,775 - backend.domains.stkcompanys.ls.ls_rest_api - INFO - [LS] 주식잔고2 요청 - URL: https://openapi.ls-sec.co.kr:8080/stock/accno, TR_CD: t0424
2026-01-25 18:30:13,839 - __main__ - INFO - LS 응답 수신
2026-01-25 18:30:13,840 - __main__ - INFO - ---------------------------------
2026-01-25 18:30:13,841 - __main__ - INFO - LS 응답 데이터: {
  "t0424OutBlock": {
    "추정순자산": 137161009,
    "평가손익": 64411901,
    "매입금액": 70179099,
    "추정D2예수금": 4530283,
    "CTS_종목번호": "",
    "평가금액": 134591000
  },
  "t0424OutBlock1": [
    {
      "종목번호": "000660",
      "잔고구분": "",
      "잔고수량": 2,
      "매도가능수량": 2,
      "평균단가": 174502,
      "매입금액": 349005,
      "대출금액": 0,
      "만기일자": "",
      "당일매수금액": 0,
      "당일매수단가": 0,
      "당일매도금액": 0,
      "당일매도단가": 0,
      "전일매수금액": 0,
      "전일매수단가": 0,
      "전일매도금액": 0,
      "전일매도단가": 0,
      "처리순번": 0,
      "대출일자": "",
      "종목명": "SK하이닉스",
      "시장구분": "",
      "종목구분": "3",
      "보유비중": "0.50",
      "현재가": 767000,
      "평가금액": 1534000,
      "평가손익": 1184995,
      "수익율": "339.53",
      "수수료": 262,
      "제세금": 3068,
      "신용이자": 0
    },
    {
      "종목번호": "000720",
      "잔고구분": "",
      "잔고수량": 135,
      "매도가능수량": 135,
      "평균단가": 64413,
      "매입금액": 8695800,
      "대출금액": 0,
      "만기일자": "",
      "당일매수금액": 0,
      "당일매수단가": 0,
      "당일매도금액": 0,
      "당일매도단가": 0,
      "전일매수금액": 0,
      "전일매수단가": 0,
      "전일매도금액": 0,
      "전일매도단가": 0,
      "처리순번": 0,
      "대출일자": "",
      "종목명": "현대건설",
      "시장구분": "",
      "종목구분": "3",
      "보유비중": "12.39",
      "현재가": 109200,
      "평가금액": 14742000,
      "평가손익": 6046200,
      "수익율": "69.53",
      "수수료": 3280,
      "제세금": 29484,
      "신용이자": 0
    },
    {
      "종목번호": "005930",
      "잔고구분": "",
      "잔고수량": 50,
      "매도가능수량": 50,
      "평균단가": 74478,
      "매입금액": 3723900,
      "대출금액": 0,
      "만기일자": "",
      "당일매수금액": 0,
      "당일매수단가": 0,
      "당일매도금액": 0,
      "당일매도단가": 0,
      "전일매수금액": 0,
      "전일매수단가": 0,
      "전일매도금액": 0,
      "전일매도단가": 0,
      "처리순번": 0,
      "대출일자": "",
      "종목명": "삼성전자",
      "시장구분": "",
      "종목구분": "3",
      "보유비중": "5.31",
      "현재가": 152100,
      "평가금액": 7605000,
      "평가손익": 3881100,
      "수익율": "104.22",
      "수수료": 1585,
      "제세금": 15209,
      "신용이자": 0
    },
    {
      "종목번호": "030200",
      "잔고구분": "",
      "잔고수량": 50,
      "매도가능수량": 50,
      "평균단가": 53390,
      "매입금액": 2669500,
      "대출금액": 0,
      "만기일자": "",
      "당일매수금액": 0,
      "당일매수단가": 0,
      "당일매도금액": 0,
      "당일매도단가": 0,
      "전일매수금액": 0,
      "전일매수단가": 0,
      "전일매도금액": 0,
      "전일매도단가": 0,
      "처리순번": 0,
      "대출일자": "",
      "종목명": "KT",
      "시장구분": "",
      "종목구분": "3",
      "보유비중": "3.80",
      "현재가": 54200,
      "평가금액": 2710000,
      "평가손익": 40500,
      "수익율": "1.51",
      "수수료": 752,
      "제세금": 5420,
      "신용이자": 0
    },
    {
      "종목번호": "034020",
      "잔고구분": "",
      "잔고수량": 500,
      "매도가능수량": 500,
      "평균단가": 19413,
      "매입금액": 9706556,
      "대출금액": 0,
      "만기일자": "",
      "당일매수금액": 0,
      "당일매수단가": 0,
      "당일매도금액": 0,
      "당일매도단가": 0,
      "전일매수금액": 0,
      "전일매수단가": 0,
      "전일매도금액": 0,
      "전일매도단가": 0,
      "처리순번": 0,
      "대출일자": "",
      "종목명": "두산에너빌리티",
      "시장구분": "",
      "종목구분": "3",
      "보유비중": "13.83",
      "현재가": 93300,
      "평가금액": 46650000,
      "평가손익": 36943444,
      "수익율": "380.60",
      "수수료": 7889,
      "제세금": 93300,
      "신용이자": 0
    },
    {
      "종목번호": "086280",
      "잔고구분": "",
      "잔고수량": 100,
      "매도가능수량": 100,
      "평균단가": 175125,
      "매입금액": 17512500,
      "대출금액": 0,
      "만기일자": "",
      "당일매수금액": 0,
      "당일매수단가": 0,
      "당일매도금액": 0,
      "당일매도단가": 0,
      "전일매수금액": 0,
      "전일매수단가": 0,
      "전일매도금액": 0,
      "전일매도단가": 0,
      "처리순번": 0,
      "대출일자": "",
      "종목명": "현대글로비스",
      "시장구분": "",
      "종목구분": "3",
      "보유비중": "24.95",
      "현재가": 251500,
      "평가금액": 25150000,
      "평가손익": 7637500,
      "수익율": "43.61",
      "수수료": 5972,
      "제세금": 50300,
      "신용이자": 0
    },
    {
      "종목번호": "090360",
      "잔고구분": "",
      "잔고수량": 30,
      "매도가능수량": 30,
      "평균단가": 64300,
      "매입금액": 1929000,
      "대출금액": 0,
      "만기일자": "",
      "당일매수금액": 0,
      "당일매수단가": 0,
      "당일매도금액": 0,
      "당일매도단가": 0,
      "전일매수금액": 0,
      "전일매수단가": 0,
      "전일매도금액": 0,
      "전일매도단가": 0,
      "처리순번": 0,
      "대출일자": "",
      "종목명": "로보스타",
      "시장구분": "",
      "종목구분": "2",
      "보유비중": "2.75",
      "현재가": 82200,
      "평가금액": 2466000,
      "평가손익": 537000,
      "수익율": "27.83",
      "수수료": 615,
      "제세금": 4932,
      "신용이자": 0
    },
    {
      "종목번호": "160190",
      "잔고구분": "",
      "잔고수량": 60,
      "매도가능수량": 60,
      "평균단가": 53178,
      "매입금액": 3190700,
      "대출금액": 0,
      "만기일자": "",
      "당일매수금액": 0,
      "당일매수단가": 0,
      "당일매도금액": 0,
      "당일매도단가": 0,
      "전일매수금액": 0,
      "전일매수단가": 0,
      "전일매도금액": 0,
      "전일매도단가": 0,
      "처리순번": 0,
      "대출일자": "",
      "종목명": "하이젠알앤엠",
      "시장구분": "",
      "종목구분": "2",
      "보유비중": "4.55",
      "현재가": 69800,
      "평가금액": 4188000,
      "평가손익": 997300,
      "수익율": "31.25",
      "수수료": 1032,
      "제세금": 8376,
      "신용이자": 0
    },
    {
      "종목번호": "204320",
      "잔고구분": "",
      "잔고수량": 60,
      "매도가능수량": 60,
      "평균단가": 67516,
      "매입금액": 4051000,
      "대출금액": 0,
      "만기일자": "",
      "당일매수금액": 30,
      "당일매수단가": 65333,
      "당일매도금액": 0,
      "당일매도단가": 0,
      "전일매수금액": 30,
      "전일매수단가": 69700,
      "전일매도금액": 0,
      "전일매도단가": 0,
      "처리순번": 58609,
      "대출일자": "",
      "종목명": "HL만도",
      "시장구분": "",
      "종목구분": "3",
      "보유비중": "5.77",
      "현재가": 65500,
      "평가금액": 3930000,
      "평가손익": -121000,
      "수익율": "-2.98",
      "수수료": 1117,
      "제세금": 7860,
      "신용이자": 0
    },
    {
      "종목번호": "257720",
      "잔고구분": "",
      "잔고수량": 50,
      "매도가능수량": 50,
      "평균단가": 33960,
      "매입금액": 1698000,
      "대출금액": 0,
      "만기일자": "",
      "당일매수금액": 0,
      "당일매수단가": 0,
      "당일매도금액": 0,
      "당일매도단가": 0,
      "전일매수금액": 0,
      "전일매수단가": 0,
      "전일매도금액": 0,
      "전일매도단가": 0,
      "처리순번": 0,
      "대출일자": "",
      "종목명": "실리콘투",
      "시장구분": "",
      "종목구분": "2",
      "보유비중": "2.42",
      "현재가": 49300,
      "평가금액": 2465000,
      "평가손익": 767000,
      "수익율": "45.17",
      "수수료": 582,
      "제세금": 4930,
      "신용이자": 0
    },
    {
      "종목번호": "278470",
      "잔고구분": "",
      "잔고수량": 0,
      "매도가능수량": 0,
      "평균단가": 195300,
      "매입금액": 0,
      "대출금액": 0,
      "만기일자": "",
      "당일매수금액": 0,
      "당일매수단가": 0,
      "당일매도금액": 0,
      "당일매도단가": 0,
      "전일매수금액": 0,
      "전일매수단가": 0,
      "전일매도금액": 10,
      "전일매도단가": 280000,
      "처리순번": 0,
      "대출일자": "",
      "종목명": "에이피알",
      "시장구분": "",
      "종목구분": "3",
      "보유비중": "0.00",
      "현재가": 276500,
      "평가금액": 0,
      "평가손익": 0,
      "수익율": "0",
      "수수료": 0,
      "제세금": 0,
      "신용이자": 0
    },
    {
      "종목번호": "348370",
      "잔고구분": "",
      "잔고수량": 30,
      "매도가능수량": 30,
      "평균단가": 84513,
      "매입금액": 2535400,
      "대출금액": 0,
      "만기일자": "",
      "당일매수금액": 0,
      "당일매수단가": 0,
      "당일매도금액": 0,
      "당일매도단가": 0,
      "전일매수금액": 0,
      "전일매수단가": 0,
      "전일매도금액": 0,
      "전일매도단가": 0,
      "처리순번": 0,
      "대출일자": "",
      "종목명": "엔켐",
      "시장구분": "",
      "종목구분": "2",
      "보유비중": "3.61",
      "현재가": 64800,
      "평가금액": 1944000,
      "평가손익": -591400,
      "수익율": "-23.32",
      "수수료": 626,
      "제세금": 3888,
      "신용이자": 0
    },
    {
      "종목번호": "352820",
      "잔고구분": "",
      "잔고수량": 23,
      "매도가능수량": 23,
      "평균단가": 269739,
      "매입금액": 6204000,
      "대출금액": 0,
      "만기일자": "",
      "당일매수금액": 0,
      "당일매수단가": 0,
      "당일매도금액": 0,
      "당일매도단가": 0,
      "전일매수금액": 0,
      "전일매수단가": 0,
      "전일매도금액": 0,
      "전일매도단가": 0,
      "처리순번": 0,
      "대출일자": "",
      "종목명": "하이브",
      "시장구분": "",
      "종목구분": "3",
      "보유비중": "8.84",
      "현재가": 380000,
      "평가금액": 8740000,
      "평가손익": 2536000,
      "수익율": "40.87",
      "수수료": 2091,
      "제세금": 17480,
      "신용이자": 0
    },
    {
      "종목번호": "437730",
      "잔고구분": "",
      "잔고수량": 70,
      "매도가능수량": 70,
      "평균단가": 30220,
      "매입금액": 2115450,
      "대출금액": 0,
      "만기일자": "",
      "당일매수금액": 0,
      "당일매수단가": 0,
      "당일매도금액": 0,
      "당일매도단가": 0,
      "전일매수금액": 0,
      "전일매수단가": 0,
      "전일매도금액": 0,
      "전일매도단가": 0,
      "처리순번": 0,
      "대출일자": "",
      "종목명": "삼현",
      "시장구분": "",
      "종목구분": "2",
      "보유비중": "3.01",
      "현재가": 63700,
      "평가금액": 4459000,
      "평가손익": 2343550,
      "수익율": "110.78",
      "수수료": 920,
      "제세금": 8918,
      "신용이자": 0
    },
    {
      "종목번호": "454910",
      "잔고구분": "",
      "잔고수량": 30,
      "매도가능수량": 30,
      "평균단가": 79766,
      "매입금액": 2393000,
      "대출금액": 0,
      "만기일자": "",
      "당일매수금액": 0,
      "당일매수단가": 0,
      "당일매도금액": 0,
      "당일매도단가": 0,
      "전일매수금액": 0,
      "전일매수단가": 0,
      "전일매도금액": 0,
      "전일매도단가": 0,
      "처리순번": 0,
      "대출일자": "",
      "종목명": "두산로보틱스",
      "시장구분": "",
      "종목구분": "3",
      "보유비중": "3.41",
      "현재가": 114100,
      "평가금액": 3423000,
      "평가손익": 1030000,
      "수익율": "43.04",
      "수수료": 814,
      "제세금": 6845,
      "신용이자": 0
    },
    {
      "종목번호": "464080",
      "잔고구분": "",
      "잔고수량": 50,
      "매도가능수량": 50,
      "평균단가": 20975,
      "매입금액": 1048788,
      "대출금액": 0,
      "만기일자": "",
      "당일매수금액": 0,
      "당일매수단가": 0,
      "당일매도금액": 0,
      "당일매도단가": 0,
      "전일매수금액": 20,
      "전일매수단가": 22750,
      "전일매도금액": 0,
      "전일매도단가": 0,
      "처리순번": 0,
      "대출일자": "",
      "종목명": "에스오에스랩",
      "시장구분": "",
      "종목구분": "2",
      "보유비중": "1.49",
      "현재가": 24800,
      "평가금액": 1240000,
      "평가손익": 191212,
      "수익율": "18.23",
      "수수료": 319,
      "제세금": 2480,
      "신용이자": 0
    },
    {
      "종목번호": "466100",
      "잔고구분": "",
      "잔고수량": 50,
      "매도가능수량": 50,
      "평균단가": 47130,
      "매입금액": 2356500,
      "대출금액": 0,
      "만기일자": "",
      "당일매수금액": 0,
      "당일매수단가": 0,
      "당일매도금액": 0,
      "당일매도단가": 0,
      "전일매수금액": 0,
      "전일매수단가": 0,
      "전일매도금액": 0,
      "전일매도단가": 0,
      "처리순번": 0,
      "대출일자": "",
      "종목명": "클로봇",
      "시장구분": "",
      "종목구분": "2",
      "보유비중": "3.36",
      "현재가": 66900,
      "평가금액": 3345000,
      "평가손익": 988500,
      "수익율": "41.94",
      "수수료": 797,
      "제세금": 6690,
      "신용이자": 0
    }
  ],
  "rsp_cd": "00000",
  "rsp_msg": "조회가 완료되었습니다."
}
2026-01-25 18:30:13,842 - __main__ - INFO - ---------------------------------
2026-01-25 18:30:13,843 - __main__ - INFO - LS 계좌 요약: AccountSummary(broker=LS, name=LS증권, balance=137161009, pl=72749108, holdings=17)
{
  "summary": {
    "전체자산": 205319971,
    "전체매입금액": 122789621,
    "전체평가손익": 82530350,
    "전체수익률": "+67.21%",
    "계좌개수": 3
  },
  "accounts": {
    "kiwoom": {
      "id": "kiwoom",
      "증권사": "Kiwoom",
      "증권사명": "키움증권",
      "계좌번호": "1033-4006",
      "총자산": 334182,
      "매입금액": 195450,
      "평가손익": 138732,
      "수익률": "+70.98%",
      "주문가능금액": 71,
      "보유종목수": 3
    },
    "kis": {
      "id": "kis",
      "증권사": "KIS",
      "증권사명": "한국투자증권",
      "계좌번호": "6577792801",
      "총자산": 67824780,
      "매입금액": 58182270,
      "평가손익": 9642510,
      "수익률": "+16.57%",
      "주문가능금액": 2638060,
      "보유종목수": 17
    },
    "ls": {
      "id": "ls",
      "증권사": "LS",
      "증권사명": "LS증권",
      "계좌번호": "00501716387",
      "총자산": 137161009,
      "매입금액": 64411901,
      "평가손익": 72749108,
      "수익률": "+112.94%",
      "주문가능금액": 4530283,
      "보유종목수": 17
    }
  }
}
